[2024-08-05 23:30:15] INFO: Webhook server started on port 3001
[2024-08-05 23:30:16] INFO: Listening for webhook events
[2024-08-05 23:30:20] INFO: Received webhook from payment provider - Event: payment.succeeded
[2024-08-05 23:30:21] INFO: Processing payment webhook for booking ID: bk_123456789
[2024-08-05 23:30:22] INFO: Payment confirmed for session - Tutor: Sarah Johnson, Student: John Smith
[2024-08-05 23:30:25] INFO: Updated booking status to PAID
[2024-08-05 23:30:26] INFO: Sent confirmation email to student
[2024-08-05 23:30:27] INFO: Sent payment notification to tutor
[2024-08-05 23:31:15] INFO: Received webhook from payment provider - Event: payment.failed
[2024-08-05 23:31:16] INFO: Processing failed payment for booking ID: bk_987654321
[2024-08-05 23:31:17] INFO: Payment failed for session - Tutor: Maria Garcia, Student: Emma Thompson
[2024-08-05 23:31:18] INFO: Updated booking status to FAILED
[2024-08-05 23:31:19] INFO: Sent failure notification to student
[2024-08-05 23:32:10] INFO: Received webhook from payment provider - Event: refund.processed
[2024-08-05 23:32:11] INFO: Processing refund for booking ID: bk_456789123
[2024-08-05 23:32:12] INFO: Refund processed for session - Tutor: Pierre Dubois, Student: Lisa Brown
[2024-08-05 23:32:13] INFO: Updated booking status to REFUNDED
[2024-08-05 23:32:14] INFO: Sent refund confirmation to student
[2024-08-05 23:33:05] INFO: Received webhook from notification service - Event: session.reminder
[2024-08-05 23:33:06] INFO: Processing session reminder for booking ID: bk_789123456
[2024-08-05 23:33:07] INFO: Sent reminder to tutor and student for upcoming session
[2024-08-05 23:34:20] INFO: Received webhook from video service - Event: session.started
[2024-08-05 23:34:21] INFO: Session started - Booking ID: bk_321654987
[2024-08-05 23:34:22] INFO: Updated session status to IN_PROGRESS
[2024-08-05 23:34:23] INFO: Notified both participants of session start
[2024-08-05 23:35:15] INFO: Received webhook from video service - Event: session.ended
[2024-08-05 23:35:16] INFO: Session ended - Booking ID: bk_321654987
[2024-08-05 23:35:17] INFO: Updated session status to COMPLETED
[2024-08-05 23:35:18] INFO: Sent completion notifications
[2024-08-05 23:35:19] INFO: Triggered payment processing for completed session
[2024-08-05 23:36:10] INFO: Received webhook from admin panel - Event: tutor.approved
[2024-08-05 23:36:11] INFO: Tutor approval processed - Tutor ID: t_456789
[2024-08-05 23:36:12] INFO: Updated tutor status to APPROVED
[2024-08-05 23:36:13] INFO: Sent approval notification to tutor
[2024-08-05 23:37:05] INFO: Received webhook from admin panel - Event: course.created
[2024-08-05 23:37:06] INFO: New course created - Course ID: c_789123
[2024-08-05 23:37:07] INFO: Course "Advanced Mathematics" added to library
[2024-08-05 23:37:08] INFO: Notified relevant tutors about new course
[2024-08-05 23:38:20] INFO: Received webhook from analytics service - Event: user.registered
[2024-08-05 23:38:21] INFO: New user registration - User ID: u_123456
[2024-08-05 23:38:22] INFO: User Emma Wilson registered as STUDENT
[2024-08-05 23:38:23] INFO: Sent welcome email to new user
[2024-08-05 23:39:15] INFO: Received webhook from payment provider - Event: payout.succeeded
[2024-08-05 23:39:16] INFO: Payout processed for tutor - Tutor ID: t_789456
[2024-08-05 23:39:17] INFO: Payout amount: $150.00 to Sarah Johnson
[2024-08-05 23:39:18] INFO: Updated tutor balance
[2024-08-05 23:39:19] INFO: Sent payout confirmation to tutor
[2024-08-05 23:40:10] INFO: Received webhook from system - Event: maintenance.scheduled
[2024-08-05 23:40:11] INFO: System maintenance scheduled for 2024-08-06 02:00:00
[2024-08-05 23:40:12] INFO: Notified all active users about maintenance
[2024-08-05 23:41:05] INFO: Received webhook from monitoring service - Event: system.healthy
[2024-08-05 23:41:06] INFO: System health check passed
[2024-08-05 23:41:07] INFO: All services running normally
[2024-08-05 23:42:20] INFO: Received webhook from backup service - Event: backup.completed
[2024-08-05 23:42:21] INFO: Database backup completed successfully
[2024-08-05 23:42:22] INFO: Backup size: 2.3GB, Duration: 45 seconds
[2024-08-05 23:43:15] INFO: Received webhook from email service - Event: email.sent
[2024-08-05 23:43:16] INFO: Email sent successfully - Template: session_reminder
[2024-08-05 23:43:17] INFO: Recipient: john.smith@email.com
[2024-08-05 23:44:10] INFO: Received webhook from SMS service - Event: sms.sent
[2024-08-05 23:44:11] INFO: SMS sent successfully - Template: payment_confirmation
[2024-08-05 23:44:12] INFO: Recipient: +1234567890
[2024-08-05 23:45:05] INFO: Received webhook from notification service - Event: notification.sent
[2024-08-05 23:45:06] INFO: Push notification sent - User ID: u_456789
[2024-08-05 23:45:07] INFO: Notification type: session_reminder
[2024-08-05 23:46:20] INFO: Received webhook from admin panel - Event: setting.updated
[2024-08-05 23:46:21] INFO: System setting updated - Key: max_session_duration
[2024-08-05 23:46:22] INFO: New value: 120 minutes
[2024-08-05 23:47:15] INFO: Received webhook from analytics service - Event: report.generated
[2024-08-05 23:47:16] INFO: Monthly report generated for August 2024
[2024-08-05 23:47:17] INFO: Report includes: 150 sessions, $3,450 revenue
[2024-08-05 23:48:10] INFO: Received webhook from payment provider - Event: subscription.created
[2024-08-05 23:48:11] INFO: New subscription created - User ID: u_789123
[2024-08-05 23:48:12] INFO: Plan: Premium Monthly, Amount: $29.99
[2024-08-05 23:48:13] INFO: Updated user subscription status
[2024-08-05 23:49:05] INFO: Received webhook from payment provider - Event: subscription.cancelled
[2024-08-05 23:49:06] INFO: Subscription cancelled - User ID: u_456789
[2024-08-05 23:49:07] INFO: Plan: Basic Monthly
[2024-08-05 23:49:08] INFO: Updated user subscription status
[2024-08-05 23:50:20] INFO: Received webhook from admin panel - Event: user.suspended
[2024-08-05 23:50:21] INFO: User suspended - User ID: u_123789
[2024-08-05 23:50:22] INFO: Reason: Multiple payment failures
[2024-08-05 23:50:23] INFO: Sent suspension notification to user
[2024-08-05 23:51:15] INFO: Received webhook from admin panel - Event: user.reactivated
[2024-08-05 23:51:16] INFO: User reactivated - User ID: u_123789
[2024-08-05 23:51:17] INFO: Sent reactivation notification to user
[2024-08-05 23:52:10] INFO: Received webhook from system - Event: error.logged
[2024-08-05 23:52:11] INFO: Error logged - Type: API_TIMEOUT
[2024-08-05 23:52:12] INFO: Endpoint: /api/tutor/sessions
[2024-08-05 23:52:13] INFO: User ID: u_456123
[2024-08-05 23:53:05] INFO: Received webhook from monitoring service - Event: performance.alert
[2024-08-05 23:53:06] INFO: Performance alert - Response time: 3.2s
[2024-08-05 23:53:07] INFO: Endpoint: /api/admin/analytics
[2024-08-05 23:53:08] INFO: Alert threshold: 2.0s
[2024-08-05 23:54:20] INFO: Received webhook from backup service - Event: backup.failed
[2024-08-05 23:54:21] INFO: Database backup failed
[2024-08-05 23:54:22] INFO: Error: Insufficient disk space
[2024-08-05 23:54:23] INFO: Alert sent to system administrators
[2024-08-05 23:55:15] INFO: Received webhook from payment provider - Event: charge.dispute
[2024-08-05 23:55:16] INFO: Charge dispute received - Booking ID: bk_654321987
[2024-08-05 23:55:17] INFO: Amount: $25.00, Reason: Service not received
[2024-08-05 23:55:18] INFO: Updated booking status to DISPUTED
[2024-08-05 23:55:19] INFO: Notified admin team about dispute
[2024-08-05 23:56:10] INFO: Received webhook from admin panel - Event: dispute.resolved
[2024-08-05 23:56:11] INFO: Dispute resolved - Booking ID: bk_654321987
[2024-08-05 23:56:12] INFO: Resolution: Refund approved
[2024-08-05 23:56:13] INFO: Updated booking status to REFUNDED
[2024-08-05 23:57:05] INFO: Received webhook from system - Event: cleanup.completed
[2024-08-05 23:57:06] INFO: System cleanup completed
[2024-08-05 23:57:07] INFO: Cleaned up: 50 expired sessions, 25 old logs
[2024-08-05 23:58:20] INFO: Received webhook from admin panel - Event: feature.flag.updated
[2024-08-05 23:58:21] INFO: Feature flag updated - Flag: new_ui_enabled
[2024-08-05 23:58:22] INFO: New value: true
[2024-08-05 23:58:23] INFO: Notified all users about UI update
[2024-08-05 23:59:15] INFO: Received webhook from analytics service - Event: conversion.tracked
[2024-08-05 23:59:16] INFO: Conversion tracked - Event: session_booked
[2024-08-05 23:59:17] INFO: User ID: u_789456, Source: organic_search
[2024-08-05 23:59:18] INFO: Value: $28.00
[2024-08-05 23:59:19] INFO: Updated conversion metrics
[2024-08-05 23:59:59] INFO: Webhook server shutting down gracefully
[2024-08-05 23:59:60] INFO: All pending webhooks processed
[2024-08-05 23:59:61] INFO: Webhook server stopped 